<?xml version="1.0" encoding="UTF-8"?>
<testsuite name="ru.netology.rest.PostmanEchoTest" tests="1" skipped="0" failures="0" errors="0" timestamp="2024-07-02T20:23:54" hostname="Egor-MacBook-Air.local" time="6.394">
  <properties/>
  <testcase name="postmanEchoTest()" classname="ru.netology.rest.PostmanEchoTest" time="6.394"/>
  <system-out><![CDATA[]]></system-out>
  <system-err><![CDATA[]]></system-err>
</testsuite>
